<?xml version="1.0" encoding="UTF-8" ?>
<testsuites name="vitest tests" tests="49" failures="0" errors="0" time="0.0071527">
    <testsuite name="src/lib/services/__tests__/information-router.test.ts" timestamp="2026-05-17T13:11:50.814Z" hostname="qaswe12340" tests="49" failures="0" errors="0" skipped="0" time="0.0071527">
        <testcase classname="src/lib/services/__tests__/information-router.test.ts" name="Tier 1: Supply chain real-time data &gt; routes &quot;铜价最近走势如何&quot; to Tier 1" time="0.0011517">
        </testcase>
        <testcase classname="src/lib/services/__tests__/information-router.test.ts" name="Tier 1: Supply chain real-time data &gt; routes &quot;铝价今天多少钱&quot; to Tier 1" time="0.0002317">
        </testcase>
        <testcase classname="src/lib/services/__tests__/information-router.test.ts" name="Tier 1: Supply chain real-time data &gt; routes &quot;SCFI运价最新数据&quot; to Tier 1" time="0.0001357">
        </testcase>
        <testcase classname="src/lib/services/__tests__/information-router.test.ts" name="Tier 1: Supply chain real-time data &gt; routes &quot;人民币对美元汇率&quot; to Tier 1" time="0.0001416">
        </testcase>
        <testcase classname="src/lib/services/__tests__/information-router.test.ts" name="Tier 1: Supply chain real-time data &gt; routes &quot;咖啡机库存告急的SKU有哪些&quot; to Tier 1" time="0.0001116">
        </testcase>
        <testcase classname="src/lib/services/__tests__/information-router.test.ts" name="Tier 1: Supply chain real-time data &gt; routes &quot;电机马达供应商风险多大&quot; to Tier 1" time="0.0000971">
        </testcase>
        <testcase classname="src/lib/services/__tests__/information-router.test.ts" name="Tier 1: Supply chain real-time data &gt; routes &quot;美国301关税最新税率&quot; to Tier 1" time="0.0000777">
        </testcase>
        <testcase classname="src/lib/services/__tests__/information-router.test.ts" name="Tier 1: Supply chain real-time data &gt; routes &quot;洛杉矶港口拥堵情况&quot; to Tier 1" time="0.0000888">
        </testcase>
        <testcase classname="src/lib/services/__tests__/information-router.test.ts" name="Tier 1: Supply chain real-time data &gt; routes &quot;最近有CPSC召回吗&quot; to Tier 1" time="0.0000968">
        </testcase>
        <testcase classname="src/lib/services/__tests__/information-router.test.ts" name="Tier 1: Supply chain real-time data &gt; routes &quot;copper price forecast&quot; to Tier 1" time="0.0002083">
        </testcase>
        <testcase classname="src/lib/services/__tests__/information-router.test.ts" name="Tier 1: Supply chain real-time data &gt; routes &quot;exchange rate CNY USD&quot; to Tier 1" time="0.0000698">
        </testcase>
        <testcase classname="src/lib/services/__tests__/information-router.test.ts" name="Tier 1: Supply chain real-time data &gt; routes &quot;CBAM碳关税成本估算&quot; to Tier 1" time="0.0000591">
        </testcase>
        <testcase classname="src/lib/services/__tests__/information-router.test.ts" name="Tier 1: Supply chain real-time data &gt; routes &quot;如何计算安全库存&quot; to Tier 1" time="0.000053">
        </testcase>
        <testcase classname="src/lib/services/__tests__/information-router.test.ts" name="Tier 1: Supply chain real-time data &gt; routes &quot;怎么优化库存周转率&quot; to Tier 1" time="0.0000526">
        </testcase>
        <testcase classname="src/lib/services/__tests__/information-router.test.ts" name="Tier 1: Supply chain real-time data &gt; routes &quot;什么是CBAM碳关税&quot; to Tier 1" time="0.0000576">
        </testcase>
        <testcase classname="src/lib/services/__tests__/information-router.test.ts" name="Tier 1+2: Supply chain domain knowledge &gt; routes &quot;FOB和CIF有什么区别&quot; to supply_chain_knowledge" time="0.0000904">
        </testcase>
        <testcase classname="src/lib/services/__tests__/information-router.test.ts" name="Tier 1+2: Supply chain domain knowledge &gt; routes &quot;HS编码怎么查&quot; to supply_chain_knowledge" time="0.0000559">
        </testcase>
        <testcase classname="src/lib/services/__tests__/information-router.test.ts" name="Tier 1+2: Supply chain domain knowledge &gt; routes &quot;什么是供应链数字化转型&quot; to supply_chain_knowledge" time="0.0000528">
        </testcase>
        <testcase classname="src/lib/services/__tests__/information-router.test.ts" name="Tier 1+2: Supply chain domain knowledge &gt; routes &quot;Incoterm和贸易术语有什么区别&quot; to supply_chain_knowledge" time="0.0000552">
        </testcase>
        <testcase classname="src/lib/services/__tests__/information-router.test.ts" name="Tier 3: News and events &gt; routes &quot;这周有什么供应链大事件&quot; to news_event" time="0.0000813">
        </testcase>
        <testcase classname="src/lib/services/__tests__/information-router.test.ts" name="Tier 3: News and events &gt; routes &quot;今天最新关税政策&quot; to news_event" time="0.0000658">
        </testcase>
        <testcase classname="src/lib/services/__tests__/information-router.test.ts" name="Tier 3: News and events &gt; routes &quot;最近中美贸易战有什么新动态&quot; to news_event" time="0.0000608">
        </testcase>
        <testcase classname="src/lib/services/__tests__/information-router.test.ts" name="Tier 3: News and events &gt; routes &quot;刚刚发生的港口罢工影响&quot; to news_event" time="0.0000579">
        </testcase>
        <testcase classname="src/lib/services/__tests__/information-router.test.ts" name="Tier 3: News and events &gt; routes &quot;what happened this week in trade&quot; to news_event" time="0.0000552">
        </testcase>
        <testcase classname="src/lib/services/__tests__/information-router.test.ts" name="Tier 3: News and events &gt; routes &quot;latest supply chain news&quot; to news_event" time="0.0000639">
        </testcase>
        <testcase classname="src/lib/services/__tests__/information-router.test.ts" name="Tier 2: General knowledge &gt; routes &quot;什么是区块链&quot; to general_knowledge" time="0.0000633">
        </testcase>
        <testcase classname="src/lib/services/__tests__/information-router.test.ts" name="Tier 2: General knowledge &gt; routes &quot;为什么会有通货膨胀&quot; to general_knowledge" time="0.000057">
        </testcase>
        <testcase classname="src/lib/services/__tests__/information-router.test.ts" name="Tier 2: General knowledge &gt; routes &quot;how does machine learning work&quot; to general_knowledge" time="0.0000518">
        </testcase>
        <testcase classname="src/lib/services/__tests__/information-router.test.ts" name="Tier 2: General knowledge &gt; routes &quot;量子计算是什么原理&quot; to general_knowledge" time="0.0000545">
        </testcase>
        <testcase classname="src/lib/services/__tests__/information-router.test.ts" name="Tier 0: Opinion and recommendation &gt; routes &quot;推荐一本供应链管理的书&quot; to opinion_recommendation (Tier 0)" time="0.0000756">
        </testcase>
        <testcase classname="src/lib/services/__tests__/information-router.test.ts" name="Tier 0: Opinion and recommendation &gt; routes &quot;哪个物流平台比较好&quot; to opinion_recommendation (Tier 0)" time="0.0000431">
        </testcase>
        <testcase classname="src/lib/services/__tests__/information-router.test.ts" name="Tier 0: Opinion and recommendation &gt; routes &quot;你觉得应该签长约吗&quot; to opinion_recommendation (Tier 0)" time="0.0000467">
        </testcase>
        <testcase classname="src/lib/services/__tests__/information-router.test.ts" name="Tier 0: Opinion and recommendation &gt; routes &quot;帮我选一个供应商&quot; to opinion_recommendation (Tier 0)" time="0.0000487">
        </testcase>
        <testcase classname="src/lib/services/__tests__/information-router.test.ts" name="Tier 0: Opinion and recommendation &gt; routes &quot;best coffee maker for export&quot; to opinion_recommendation (Tier 0)" time="0.0000417">
        </testcase>
        <testcase classname="src/lib/services/__tests__/information-router.test.ts" name="Tier 0: Chat and greeting &gt; routes &quot;你好&quot; to chat_greeting (Tier 0)" time="0.0000611">
        </testcase>
        <testcase classname="src/lib/services/__tests__/information-router.test.ts" name="Tier 0: Chat and greeting &gt; routes &quot;早安&quot; to chat_greeting (Tier 0)" time="0.0000671">
        </testcase>
        <testcase classname="src/lib/services/__tests__/information-router.test.ts" name="Tier 0: Chat and greeting &gt; routes &quot;谢谢你的帮助&quot; to chat_greeting (Tier 0)" time="0.0000546">
        </testcase>
        <testcase classname="src/lib/services/__tests__/information-router.test.ts" name="Tier 0: Chat and greeting &gt; routes &quot;再见&quot; to chat_greeting (Tier 0)" time="0.0000388">
        </testcase>
        <testcase classname="src/lib/services/__tests__/information-router.test.ts" name="Tier 0: Chat and greeting &gt; routes &quot;你能做什么&quot; to chat_greeting (Tier 0)" time="0.0000438">
        </testcase>
        <testcase classname="src/lib/services/__tests__/information-router.test.ts" name="Default routing &gt; routes unrecognized supply chain query to supply_chain_knowledge" time="0.0000776">
        </testcase>
        <testcase classname="src/lib/services/__tests__/information-router.test.ts" name="Default routing &gt; routes empty query to chat_greeting" time="0.0000542">
        </testcase>
        <testcase classname="src/lib/services/__tests__/information-router.test.ts" name="getActiveSources &gt; enables MCP tools for Tier 1 decisions" time="0.0000827">
        </testcase>
        <testcase classname="src/lib/services/__tests__/information-router.test.ts" name="getActiveSources &gt; enables Wikipedia for Tier 2 decisions" time="0.0000646">
        </testcase>
        <testcase classname="src/lib/services/__tests__/information-router.test.ts" name="getActiveSources &gt; enables web search for Tier 3 decisions" time="0.0000536">
        </testcase>
        <testcase classname="src/lib/services/__tests__/information-router.test.ts" name="getActiveSources &gt; enables direct reply for Tier 0 decisions" time="0.000066">
        </testcase>
        <testcase classname="src/lib/services/__tests__/information-router.test.ts" name="Edge cases &gt; handles very long queries" time="0.0001454">
        </testcase>
        <testcase classname="src/lib/services/__tests__/information-router.test.ts" name="Edge cases &gt; handles special characters" time="0.0000673">
        </testcase>
        <testcase classname="src/lib/services/__tests__/information-router.test.ts" name="Edge cases &gt; handles mixed Chinese-English" time="0.0000755">
        </testcase>
        <testcase classname="src/lib/services/__tests__/information-router.test.ts" name="Edge cases &gt; all routing decisions have valid tiers" time="0.0012087">
        </testcase>
    </testsuite>
</testsuites>
